build/app/intermediates/manifest_merge_blame_file/debug/manifest-merger-blame-debug-report.txt
1<?xml version="1.0" encoding="utf-8"?>
2<manifest xmlns:android="http://schemas.android.com/apk/res/android"
3    package="com.example.vuitton_app"
4    android:versionCode="1"
5    android:versionName="1.0.0" >
6
7    <uses-sdk
8        android:minSdkVersion="19"
9        android:targetSdkVersion="30" />
10    <!--
11         Flutter needs it to communicate with the running application
12         to allow setting breakpoints, to provide hot reload, etc.
13    -->
14    <uses-permission android:name="android.permission.INTERNET" />
14-->src\debug\AndroidManifest.xml:6:5-66
14-->src\debug\AndroidManifest.xml:6:22-64
15    <uses-permission android:name="android.permission.ACCESS_NETWORK_STATE" />
15-->[:connectivity] AndroidManifest.xml:7:5-79
15-->[:connectivity] AndroidManifest.xml:7:22-76
16    <uses-permission android:name="android.permission.WAKE_LOCK" />
16-->[com.google.android.gms:play-services-measurement-api:20.0.2] AndroidManifest.xml:24:5-68
16-->[com.google.android.gms:play-services-measurement-api:20.0.2] AndroidManifest.xml:24:22-65
17    <uses-permission android:name="com.google.android.finsky.permission.BIND_GET_INSTALL_REFERRER_SERVICE" /> <!-- Include required permissions for Advertising Id -->
17-->[com.google.android.gms:play-services-measurement:20.0.2] AndroidManifest.xml:26:5-110
17-->[com.google.android.gms:play-services-measurement:20.0.2] AndroidManifest.xml:26:22-107
18    <uses-permission android:name="com.google.android.gms.permission.AD_ID" />
18-->[com.google.android.gms:play-services-ads-identifier:18.0.0] AndroidManifest.xml:23:5-79
18-->[com.google.android.gms:play-services-ads-identifier:18.0.0] AndroidManifest.xml:23:22-76
19
20    <application
20-->src\main\AndroidManifest.xml:3:4-40:19
21        android:name="androidx.multidex.MultiDexApplication"
22        android:appComponentFactory="androidx.core.app.CoreComponentFactory"
22-->[androidx.core:core:1.2.0] AndroidManifest.xml:24:18-86
23        android:debuggable="true"
24        android:icon="@mipmap/launcher_icon"
24-->src\main\AndroidManifest.xml:5:9-45
25        android:label="Vuitton Club" >
25-->src\main\AndroidManifest.xml:4:9-37
26        <activity
26-->src\main\AndroidManifest.xml:6:9-34:20
27            android:name="com.example.vuitton_app.MainActivity"
27-->src\main\AndroidManifest.xml:7:13-41
28            android:configChanges="orientation|keyboardHidden|keyboard|screenSize|smallestScreenSize|locale|layoutDirection|fontScale|screenLayout|density|uiMode"
28-->src\main\AndroidManifest.xml:10:13-163
29            android:hardwareAccelerated="true"
29-->src\main\AndroidManifest.xml:11:13-47
30            android:launchMode="singleTop"
30-->src\main\AndroidManifest.xml:8:13-43
31            android:theme="@style/LaunchTheme"
31-->src\main\AndroidManifest.xml:9:13-47
32            android:windowSoftInputMode="adjustResize" >
32-->src\main\AndroidManifest.xml:12:13-55
33
34            <!--
35                 Specifies an Android theme to apply to this Activity as soon as
36                 the Android process has started. This theme is visible to the user
37                 while the Flutter UI initializes. After that, this theme continues
38                 to determine the Window background behind the Flutter UI.
39            -->
40            <meta-data
40-->src\main\AndroidManifest.xml:17:13-20:17
41                android:name="io.flutter.embedding.android.NormalTheme"
41-->src\main\AndroidManifest.xml:18:15-70
42                android:resource="@style/NormalTheme" />
42-->src\main\AndroidManifest.xml:19:15-52
43            <!--
44                 Displays an Android View that continues showing the launch screen
45                 Drawable until Flutter paints its first frame, then this splash
46                 screen fades out. A splash screen is useful to avoid any visual
47                 gap between the end of Android's launch screen and the painting of
48                 Flutter's first frame.
49            -->
50            <meta-data
50-->src\main\AndroidManifest.xml:26:13-29:17
51                android:name="io.flutter.embedding.android.SplashScreenDrawable"
51-->src\main\AndroidManifest.xml:27:15-79
52                android:resource="@drawable/launch_background" />
52-->src\main\AndroidManifest.xml:28:15-61
53
54            <intent-filter>
54-->src\main\AndroidManifest.xml:30:13-33:29
55                <action android:name="android.intent.action.MAIN" />
55-->src\main\AndroidManifest.xml:31:17-68
55-->src\main\AndroidManifest.xml:31:25-66
56
57                <category android:name="android.intent.category.LAUNCHER" />
57-->src\main\AndroidManifest.xml:32:17-76
57-->src\main\AndroidManifest.xml:32:27-74
58            </intent-filter>
59        </activity>
60        <!--
61             Don't delete the meta-data below.
62             This is used by the Flutter tool to generate GeneratedPluginRegistrant.java
63        -->
64        <meta-data
64-->src\main\AndroidManifest.xml:37:9-39:33
65            android:name="flutterEmbedding"
65-->src\main\AndroidManifest.xml:38:13-44
66            android:value="2" />
66-->src\main\AndroidManifest.xml:39:13-30
67
68        <service
68-->[:firebase_auth] AndroidManifest.xml:8:9-12:19
69            android:name="com.google.firebase.components.ComponentDiscoveryService"
69-->[:firebase_auth] AndroidManifest.xml:8:18-89
70            android:directBootAware="true"
70-->[com.google.firebase:firebase-common:20.0.0] AndroidManifest.xml:35:13-43
71            android:exported="false" >
71-->[com.google.firebase:firebase-auth:21.0.1] AndroidManifest.xml:76:13-37
72            <meta-data
72-->[:firebase_auth] AndroidManifest.xml:9:13-11:85
73                android:name="com.google.firebase.components:io.flutter.plugins.firebase.auth.FlutterFirebaseAuthRegistrar"
73-->[:firebase_auth] AndroidManifest.xml:10:17-124
74                android:value="com.google.firebase.components.ComponentRegistrar" />
74-->[:firebase_auth] AndroidManifest.xml:11:17-82
75            <meta-data
75-->[:cloud_firestore] AndroidManifest.xml:9:13-11:85
76                android:name="com.google.firebase.components:io.flutter.plugins.firebase.firestore.FlutterFirebaseFirestoreRegistrar"
76-->[:cloud_firestore] AndroidManifest.xml:10:17-134
77                android:value="com.google.firebase.components.ComponentRegistrar" />
77-->[:cloud_firestore] AndroidManifest.xml:11:17-82
78            <meta-data
78-->[:firebase_core] AndroidManifest.xml:9:13-11:85
79                android:name="com.google.firebase.components:io.flutter.plugins.firebase.core.FlutterFirebaseCoreRegistrar"
79-->[:firebase_core] AndroidManifest.xml:10:17-124
80                android:value="com.google.firebase.components.ComponentRegistrar" />
80-->[:firebase_core] AndroidManifest.xml:11:17-82
81            <meta-data
81-->[com.google.firebase:firebase-auth:21.0.1] AndroidManifest.xml:77:13-79:85
82                android:name="com.google.firebase.components:com.google.firebase.auth.FirebaseAuthRegistrar"
82-->[com.google.firebase:firebase-auth:21.0.1] AndroidManifest.xml:78:17-109
83                android:value="com.google.firebase.components.ComponentRegistrar" />
83-->[com.google.firebase:firebase-auth:21.0.1] AndroidManifest.xml:79:17-82
84            <meta-data
84-->[com.google.firebase:firebase-firestore:24.0.0] AndroidManifest.xml:20:13-22:85
85                android:name="com.google.firebase.components:com.google.firebase.firestore.FirestoreRegistrar"
85-->[com.google.firebase:firebase-firestore:24.0.0] AndroidManifest.xml:21:17-111
86                android:value="com.google.firebase.components.ComponentRegistrar" />
86-->[com.google.firebase:firebase-firestore:24.0.0] AndroidManifest.xml:22:17-82
87            <meta-data
87-->[com.google.android.gms:play-services-measurement-api:20.0.2] AndroidManifest.xml:30:13-32:85
88                android:name="com.google.firebase.components:com.google.firebase.analytics.connector.internal.AnalyticsConnectorRegistrar"
88-->[com.google.android.gms:play-services-measurement-api:20.0.2] AndroidManifest.xml:31:17-139
89                android:value="com.google.firebase.components.ComponentRegistrar" />
89-->[com.google.android.gms:play-services-measurement-api:20.0.2] AndroidManifest.xml:32:17-82
90            <meta-data
90-->[com.google.firebase:firebase-installations:17.0.0] AndroidManifest.xml:18:13-20:85
91                android:name="com.google.firebase.components:com.google.firebase.installations.FirebaseInstallationsRegistrar"
91-->[com.google.firebase:firebase-installations:17.0.0] AndroidManifest.xml:19:17-127
92                android:value="com.google.firebase.components.ComponentRegistrar" />
92-->[com.google.firebase:firebase-installations:17.0.0] AndroidManifest.xml:20:17-82
93        </service>
94
95        <activity
95-->[:url_launcher_android] AndroidManifest.xml:8:9-11:74
96            android:name="io.flutter.plugins.urllauncher.WebViewActivity"
96-->[:url_launcher_android] AndroidManifest.xml:9:13-74
97            android:exported="false"
97-->[:url_launcher_android] AndroidManifest.xml:10:13-37
98            android:theme="@android:style/Theme.NoTitleBar.Fullscreen" />
98-->[:url_launcher_android] AndroidManifest.xml:11:13-71
99        <activity
99-->[com.google.firebase:firebase-auth:21.0.1] AndroidManifest.xml:27:9-44:20
100            android:name="com.google.firebase.auth.internal.GenericIdpActivity"
100-->[com.google.firebase:firebase-auth:21.0.1] AndroidManifest.xml:28:13-80
101            android:excludeFromRecents="true"
101-->[com.google.firebase:firebase-auth:21.0.1] AndroidManifest.xml:29:13-46
102            android:exported="true"
102-->[com.google.firebase:firebase-auth:21.0.1] AndroidManifest.xml:30:13-36
103            android:launchMode="singleTask"
103-->[com.google.firebase:firebase-auth:21.0.1] AndroidManifest.xml:31:13-44
104            android:theme="@android:style/Theme.Translucent.NoTitleBar" >
104-->[com.google.firebase:firebase-auth:21.0.1] AndroidManifest.xml:32:13-72
105            <intent-filter>
105-->[com.google.firebase:firebase-auth:21.0.1] AndroidManifest.xml:33:13-43:29
106                <action android:name="android.intent.action.VIEW" />
106-->[com.google.firebase:firebase-auth:21.0.1] AndroidManifest.xml:34:17-69
106-->[com.google.firebase:firebase-auth:21.0.1] AndroidManifest.xml:34:25-66
107
108                <category android:name="android.intent.category.DEFAULT" />
108-->[com.google.firebase:firebase-auth:21.0.1] AndroidManifest.xml:36:17-76
108-->[com.google.firebase:firebase-auth:21.0.1] AndroidManifest.xml:36:27-73
109                <category android:name="android.intent.category.BROWSABLE" />
109-->[com.google.firebase:firebase-auth:21.0.1] AndroidManifest.xml:37:17-78
109-->[com.google.firebase:firebase-auth:21.0.1] AndroidManifest.xml:37:27-75
110
111                <data
111-->[com.google.firebase:firebase-auth:21.0.1] AndroidManifest.xml:39:17-42:51
112                    android:host="firebase.auth"
112-->[com.google.firebase:firebase-auth:21.0.1] AndroidManifest.xml:40:21-49
113                    android:path="/"
113-->[com.google.firebase:firebase-auth:21.0.1] AndroidManifest.xml:41:21-37
114                    android:scheme="genericidp" />
114-->[com.google.firebase:firebase-auth:21.0.1] AndroidManifest.xml:42:21-48
115            </intent-filter>
116        </activity>
117        <activity
117-->[com.google.firebase:firebase-auth:21.0.1] AndroidManifest.xml:45:9-62:20
118            android:name="com.google.firebase.auth.internal.RecaptchaActivity"
118-->[com.google.firebase:firebase-auth:21.0.1] AndroidManifest.xml:46:13-79
119            android:excludeFromRecents="true"
119-->[com.google.firebase:firebase-auth:21.0.1] AndroidManifest.xml:47:13-46
120            android:exported="true"
120-->[com.google.firebase:firebase-auth:21.0.1] AndroidManifest.xml:48:13-36
121            android:launchMode="singleTask"
121-->[com.google.firebase:firebase-auth:21.0.1] AndroidManifest.xml:49:13-44
122            android:theme="@android:style/Theme.Translucent.NoTitleBar" >
122-->[com.google.firebase:firebase-auth:21.0.1] AndroidManifest.xml:50:13-72
123            <intent-filter>
123-->[com.google.firebase:firebase-auth:21.0.1] AndroidManifest.xml:51:13-61:29
124                <action android:name="android.intent.action.VIEW" />
124-->[com.google.firebase:firebase-auth:21.0.1] AndroidManifest.xml:34:17-69
124-->[com.google.firebase:firebase-auth:21.0.1] AndroidManifest.xml:34:25-66
125
126                <category android:name="android.intent.category.DEFAULT" />
126-->[com.google.firebase:firebase-auth:21.0.1] AndroidManifest.xml:36:17-76
126-->[com.google.firebase:firebase-auth:21.0.1] AndroidManifest.xml:36:27-73
127                <category android:name="android.intent.category.BROWSABLE" />
127-->[com.google.firebase:firebase-auth:21.0.1] AndroidManifest.xml:37:17-78
127-->[com.google.firebase:firebase-auth:21.0.1] AndroidManifest.xml:37:27-75
128
129                <data
129-->[com.google.firebase:firebase-auth:21.0.1] AndroidManifest.xml:39:17-42:51
130                    android:host="firebase.auth"
130-->[com.google.firebase:firebase-auth:21.0.1] AndroidManifest.xml:40:21-49
131                    android:path="/"
131-->[com.google.firebase:firebase-auth:21.0.1] AndroidManifest.xml:41:21-37
132                    android:scheme="recaptcha" />
132-->[com.google.firebase:firebase-auth:21.0.1] AndroidManifest.xml:42:21-48
133            </intent-filter>
134        </activity>
135
136        <service
136-->[com.google.firebase:firebase-auth:21.0.1] AndroidManifest.xml:64:9-73:19
137            android:name="com.google.firebase.auth.api.fallback.service.FirebaseAuthFallbackService"
137-->[com.google.firebase:firebase-auth:21.0.1] AndroidManifest.xml:65:13-101
138            android:enabled="true"
138-->[com.google.firebase:firebase-auth:21.0.1] AndroidManifest.xml:66:13-35
139            android:exported="false" >
139-->[com.google.firebase:firebase-auth:21.0.1] AndroidManifest.xml:67:13-37
140            <intent-filter>
140-->[com.google.firebase:firebase-auth:21.0.1] AndroidManifest.xml:68:13-72:29
141                <action android:name="com.google.firebase.auth.api.gms.service.START" />
141-->[com.google.firebase:firebase-auth:21.0.1] AndroidManifest.xml:69:17-89
141-->[com.google.firebase:firebase-auth:21.0.1] AndroidManifest.xml:69:25-86
142
143                <category android:name="android.intent.category.DEFAULT" />
143-->[com.google.firebase:firebase-auth:21.0.1] AndroidManifest.xml:36:17-76
143-->[com.google.firebase:firebase-auth:21.0.1] AndroidManifest.xml:36:27-73
144            </intent-filter>
145        </service>
146
147        <provider
147-->[com.google.firebase:firebase-common:20.0.0] AndroidManifest.xml:26:9-31:39
148            android:name="com.google.firebase.provider.FirebaseInitProvider"
148-->[com.google.firebase:firebase-common:20.0.0] AndroidManifest.xml:27:13-77
149            android:authorities="com.example.vuitton_app.firebaseinitprovider"
149-->[com.google.firebase:firebase-common:20.0.0] AndroidManifest.xml:28:13-72
150            android:directBootAware="true"
150-->[com.google.firebase:firebase-common:20.0.0] AndroidManifest.xml:29:13-43
151            android:exported="false"
151-->[com.google.firebase:firebase-common:20.0.0] AndroidManifest.xml:30:13-37
152            android:initOrder="100" />
152-->[com.google.firebase:firebase-common:20.0.0] AndroidManifest.xml:31:13-36
153
154        <receiver
154-->[com.google.android.gms:play-services-measurement:20.0.2] AndroidManifest.xml:29:9-33:20
155            android:name="com.google.android.gms.measurement.AppMeasurementReceiver"
155-->[com.google.android.gms:play-services-measurement:20.0.2] AndroidManifest.xml:30:13-85
156            android:enabled="true"
156-->[com.google.android.gms:play-services-measurement:20.0.2] AndroidManifest.xml:31:13-35
157            android:exported="false" >
157-->[com.google.android.gms:play-services-measurement:20.0.2] AndroidManifest.xml:32:13-37
158        </receiver>
159
160        <service
160-->[com.google.android.gms:play-services-measurement:20.0.2] AndroidManifest.xml:35:9-38:40
161            android:name="com.google.android.gms.measurement.AppMeasurementService"
161-->[com.google.android.gms:play-services-measurement:20.0.2] AndroidManifest.xml:36:13-84
162            android:enabled="true"
162-->[com.google.android.gms:play-services-measurement:20.0.2] AndroidManifest.xml:37:13-35
163            android:exported="false" />
163-->[com.google.android.gms:play-services-measurement:20.0.2] AndroidManifest.xml:38:13-37
164        <service
164-->[com.google.android.gms:play-services-measurement:20.0.2] AndroidManifest.xml:39:9-43:72
165            android:name="com.google.android.gms.measurement.AppMeasurementJobService"
165-->[com.google.android.gms:play-services-measurement:20.0.2] AndroidManifest.xml:40:13-87
166            android:enabled="true"
166-->[com.google.android.gms:play-services-measurement:20.0.2] AndroidManifest.xml:41:13-35
167            android:exported="false"
167-->[com.google.android.gms:play-services-measurement:20.0.2] AndroidManifest.xml:42:13-37
168            android:permission="android.permission.BIND_JOB_SERVICE" />
168-->[com.google.android.gms:play-services-measurement:20.0.2] AndroidManifest.xml:43:13-69
169
170        <activity
170-->[com.google.android.gms:play-services-base:17.1.0] AndroidManifest.xml:23:9-26:75
171            android:name="com.google.android.gms.common.api.GoogleApiActivity"
171-->[com.google.android.gms:play-services-base:17.1.0] AndroidManifest.xml:24:13-79
172            android:exported="false"
172-->[com.google.android.gms:play-services-base:17.1.0] AndroidManifest.xml:25:13-37
173            android:theme="@android:style/Theme.Translucent.NoTitleBar" />
173-->[com.google.android.gms:play-services-base:17.1.0] AndroidManifest.xml:26:13-72
174
175        <meta-data
175-->[com.google.android.gms:play-services-basement:18.0.0] AndroidManifest.xml:21:9-23:69
176            android:name="com.google.android.gms.version"
176-->[com.google.android.gms:play-services-basement:18.0.0] AndroidManifest.xml:22:13-58
177            android:value="@integer/google_play_services_version" />
177-->[com.google.android.gms:play-services-basement:18.0.0] AndroidManifest.xml:23:13-66
178    </application>
179
180</manifest>